<?xml version="1.0" encoding="UTF-8"?>
<!-- Generated by org.testng.reporters.JUnitReportReporter -->
<testsuite skipped="0" hostname="w.local" name="express_cart_test_automation.testRun" tests="2" failures="0" timestamp="2020-03-07T09:28:20 GMT" time="10.984" errors="0">
  <testcase name="testCase" time="0.050" classname="express_cart_test_automation.testRun"/>
  <testcase name="tryUI" time="10.934" classname="express_cart_test_automation.testRun"/>
</testsuite> <!-- express_cart_test_automation.testRun -->
