<?xml version="1.0" encoding="UTF-8"?>
<!-- Generated by org.testng.reporters.JUnitReportReporter -->
<testsuite skipped="0" hostname="w.local" name="express_cart.test_cases.testRun" tests="1" failures="0" timestamp="2020-03-08T09:34:06 GMT" time="1.279" errors="0">
  <testcase name="tryUI" time="1.279" classname="express_cart.test_cases.testRun"/>
</testsuite> <!-- express_cart.test_cases.testRun -->
