<?xml version="1.0" encoding="UTF-8"?>
<!-- Generated by org.testng.reporters.JUnitReportReporter -->
<testsuite skipped="0" hostname="w.local" name="express_cart.ui.product.test.ProductPageCheck" tests="4" failures="0" timestamp="2020-03-25T18:50:51 GMT" time="6.328" errors="0">
  <testcase name="addProductToCart" time="1.161" classname="express_cart.ui.product.test.ProductPageCheck"/>
  <testcase name="checkProductInformation" time="1.163" classname="express_cart.ui.product.test.ProductPageCheck"/>
  <testcase name="addProductToCart" time="1.932" classname="express_cart.ui.product.test.ProductPageCheck"/>
  <testcase name="checkProductInformation" time="2.072" classname="express_cart.ui.product.test.ProductPageCheck"/>
</testsuite> <!-- express_cart.ui.product.test.ProductPageCheck -->
