<?xml version="1.0" encoding="UTF-8"?>
<!-- Generated by org.testng.reporters.JUnitReportReporter -->
<testsuite skipped="0" hostname="w.local" name="express_cart.ui.adminlogin.test.NegativeAdminLogin" tests="6" failures="0" timestamp="2020-03-25T18:50:51 GMT" time="7.806" errors="0">
  <testcase name="loginWithIncorrectEmail" time="1.378" classname="express_cart.ui.adminlogin.test.NegativeAdminLogin"/>
  <testcase name="loginWithIncorrectPasswordAndEmail" time="0.722" classname="express_cart.ui.adminlogin.test.NegativeAdminLogin"/>
  <testcase name="loginWithIncorrectEmail" time="1.586" classname="express_cart.ui.adminlogin.test.NegativeAdminLogin"/>
  <testcase name="loginWithIncorrectPassword" time="1.272" classname="express_cart.ui.adminlogin.test.NegativeAdminLogin"/>
  <testcase name="loginWithIncorrectPassword" time="1.450" classname="express_cart.ui.adminlogin.test.NegativeAdminLogin"/>
  <testcase name="loginWithIncorrectPasswordAndEmail" time="1.398" classname="express_cart.ui.adminlogin.test.NegativeAdminLogin"/>
</testsuite> <!-- express_cart.ui.adminlogin.test.NegativeAdminLogin -->
